-------- Plugin Loading Log ------------

Loading from root path: C:\Program Files\Adobe\Adobe Media Encoder CC 2015\Plug-ins\en_US\
Scanning for the following file types: *.prmp, *.prm, *.dll, *.aex, *.8bf

Scanning C:\Program Files\Adobe\Adobe Media Encoder CC 2015\Plug-ins\en_US and sub-directories

Loading C:\Program Files\Adobe\Adobe Media Encoder CC 2015\Plug-ins\en_US\VSTPlugins\Chorus1.dll
Loading from disk...
This plugin was recognized by loader 0c25b1b0-35d6-4750-be5a-a7f92f33e017.

Loading C:\Program Files\Adobe\Adobe Media Encoder CC 2015\Plug-ins\en_US\VSTPlugins\Chorus2.dll
Loading from disk...
This plugin was recognized by loader 0c25b1b0-35d6-4750-be5a-a7f92f33e017.

Loading C:\Program Files\Adobe\Adobe Media Encoder CC 2015\Plug-ins\en_US\VSTPlugins\Chorus6.dll
Loading from disk...
This plugin was recognized by loader 0c25b1b0-35d6-4750-be5a-a7f92f33e017.

Loading C:\Program Files\Adobe\Adobe Media Encoder CC 2015\Plug-ins\en_US\VSTPlugins\DeClicker1.dll
Loading from disk...
This plugin was recognized by loader 0c25b1b0-35d6-4750-be5a-a7f92f33e017.

Loading C:\Program Files\Adobe\Adobe Media Encoder CC 2015\Plug-ins\en_US\VSTPlugins\DeClicker2.dll
Loading from disk...
This plugin was recognized by loader 0c25b1b0-35d6-4750-be5a-a7f92f33e017.

Loading C:\Program Files\Adobe\Adobe Media Encoder CC 2015\Plug-ins\en_US\VSTPlugins\DeClicker6.dll
Loading from disk...
This plugin was recognized by loader 0c25b1b0-35d6-4750-be5a-a7f92f33e017.

Loading C:\Program Files\Adobe\Adobe Media Encoder CC 2015\Plug-ins\en_US\VSTPlugins\DeCrackler1.dll
Loading from disk...
This plugin was recognized by loader 0c25b1b0-35d6-4750-be5a-a7f92f33e017.

Loading C:\Program Files\Adobe\Adobe Media Encoder CC 2015\Plug-ins\en_US\VSTPlugins\DeCrackler2.dll
Loading from disk...
This plugin was recognized by loader 0c25b1b0-35d6-4750-be5a-a7f92f33e017.

Loading C:\Program Files\Adobe\Adobe Media Encoder CC 2015\Plug-ins\en_US\VSTPlugins\DeCrackler6.dll
Loading from disk...
This plugin was recognized by loader 0c25b1b0-35d6-4750-be5a-a7f92f33e017.

Loading C:\Program Files\Adobe\Adobe Media Encoder CC 2015\Plug-ins\en_US\VSTPlugins\DeEsser1.dll
Loading from disk...
This plugin was recognized by loader 0c25b1b0-35d6-4750-be5a-a7f92f33e017.

Loading C:\Program Files\Adobe\Adobe Media Encoder CC 2015\Plug-ins\en_US\VSTPlugins\DeEsser2.dll
Loading from disk...
This plugin was recognized by loader 0c25b1b0-35d6-4750-be5a-a7f92f33e017.

Loading C:\Program Files\Adobe\Adobe Media Encoder CC 2015\Plug-ins\en_US\VSTPlugins\DeEsser6.dll
Loading from disk...
This plugin was recognized by loader 0c25b1b0-35d6-4750-be5a-a7f92f33e017.

Loading C:\Program Files\Adobe\Adobe Media Encoder CC 2015\Plug-ins\en_US\VSTPlugins\DeHummer1.dll
Loading from disk...
This plugin was recognized by loader 0c25b1b0-35d6-4750-be5a-a7f92f33e017.

Loading C:\Program Files\Adobe\Adobe Media Encoder CC 2015\Plug-ins\en_US\VSTPlugins\DeHummer2.dll
Loading from disk...
This plugin was recognized by loader 0c25b1b0-35d6-4750-be5a-a7f92f33e017.

Loading C:\Program Files\Adobe\Adobe Media Encoder CC 2015\Plug-ins\en_US\VSTPlugins\DeHummer6.dll
Loading from disk...
This plugin was recognized by loader 0c25b1b0-35d6-4750-be5a-a7f92f33e017.

Loading C:\Program Files\Adobe\Adobe Media Encoder CC 2015\Plug-ins\en_US\VSTPlugins\DeNoiser1.dll
Loading from disk...
This plugin was recognized by loader 0c25b1b0-35d6-4750-be5a-a7f92f33e017.

Loading C:\Program Files\Adobe\Adobe Media Encoder CC 2015\Plug-ins\en_US\VSTPlugins\DeNoiser2.dll
Loading from disk...
This plugin was recognized by loader 0c25b1b0-35d6-4750-be5a-a7f92f33e017.

Loading C:\Program Files\Adobe\Adobe Media Encoder CC 2015\Plug-ins\en_US\VSTPlugins\DeNoiser6.dll
Loading from disk...
This plugin was recognized by loader 0c25b1b0-35d6-4750-be5a-a7f92f33e017.

Loading C:\Program Files\Adobe\Adobe Media Encoder CC 2015\Plug-ins\en_US\VSTPlugins\Dynamics1.dll
Loading from disk...
This plugin was recognized by loader 0c25b1b0-35d6-4750-be5a-a7f92f33e017.

Loading C:\Program Files\Adobe\Adobe Media Encoder CC 2015\Plug-ins\en_US\VSTPlugins\Dynamics2.dll
Loading from disk...
This plugin was recognized by loader 0c25b1b0-35d6-4750-be5a-a7f92f33e017.

Loading C:\Program Files\Adobe\Adobe Media Encoder CC 2015\Plug-ins\en_US\VSTPlugins\Dynamics6.dll
Loading from disk...
This plugin was recognized by loader 0c25b1b0-35d6-4750-be5a-a7f92f33e017.

Loading C:\Program Files\Adobe\Adobe Media Encoder CC 2015\Plug-ins\en_US\VSTPlugins\EQ1.dll
Loading from disk...
This plugin was recognized by loader 0c25b1b0-35d6-4750-be5a-a7f92f33e017.

Loading C:\Program Files\Adobe\Adobe Media Encoder CC 2015\Plug-ins\en_US\VSTPlugins\EQ2.dll
Loading from disk...
This plugin was recognized by loader 0c25b1b0-35d6-4750-be5a-a7f92f33e017.

Loading C:\Program Files\Adobe\Adobe Media Encoder CC 2015\Plug-ins\en_US\VSTPlugins\EQ6.dll
Loading from disk...
This plugin was recognized by loader 0c25b1b0-35d6-4750-be5a-a7f92f33e017.

Loading C:\Program Files\Adobe\Adobe Media Encoder CC 2015\Plug-ins\en_US\VSTPlugins\Flanger1.dll
Loading from disk...
This plugin was recognized by loader 0c25b1b0-35d6-4750-be5a-a7f92f33e017.

Loading C:\Program Files\Adobe\Adobe Media Encoder CC 2015\Plug-ins\en_US\VSTPlugins\Flanger2.dll
Loading from disk...
This plugin was recognized by loader 0c25b1b0-35d6-4750-be5a-a7f92f33e017.

Loading C:\Program Files\Adobe\Adobe Media Encoder CC 2015\Plug-ins\en_US\VSTPlugins\Flanger6.dll
Loading from disk...
This plugin was recognized by loader 0c25b1b0-35d6-4750-be5a-a7f92f33e017.

Loading C:\Program Files\Adobe\Adobe Media Encoder CC 2015\Plug-ins\en_US\VSTPlugins\MultiBand1.dll
Loading from disk...
This plugin was recognized by loader 0c25b1b0-35d6-4750-be5a-a7f92f33e017.

Loading C:\Program Files\Adobe\Adobe Media Encoder CC 2015\Plug-ins\en_US\VSTPlugins\MultiBand2.dll
Loading from disk...
This plugin was recognized by loader 0c25b1b0-35d6-4750-be5a-a7f92f33e017.

Loading C:\Program Files\Adobe\Adobe Media Encoder CC 2015\Plug-ins\en_US\VSTPlugins\MultiBand6.dll
Loading from disk...
This plugin was recognized by loader 0c25b1b0-35d6-4750-be5a-a7f92f33e017.

Loading C:\Program Files\Adobe\Adobe Media Encoder CC 2015\Plug-ins\en_US\VSTPlugins\Phaser1.dll
Loading from disk...
This plugin was recognized by loader 0c25b1b0-35d6-4750-be5a-a7f92f33e017.

Loading C:\Program Files\Adobe\Adobe Media Encoder CC 2015\Plug-ins\en_US\VSTPlugins\Phaser2.dll
Loading from disk...
This plugin was recognized by loader 0c25b1b0-35d6-4750-be5a-a7f92f33e017.

Loading C:\Program Files\Adobe\Adobe Media Encoder CC 2015\Plug-ins\en_US\VSTPlugins\Phaser6.dll
Loading from disk...
This plugin was recognized by loader 0c25b1b0-35d6-4750-be5a-a7f92f33e017.

Loading C:\Program Files\Adobe\Adobe Media Encoder CC 2015\Plug-ins\en_US\VSTPlugins\PitchShifter1.dll
Loading from disk...
This plugin was recognized by loader 0c25b1b0-35d6-4750-be5a-a7f92f33e017.

Loading C:\Program Files\Adobe\Adobe Media Encoder CC 2015\Plug-ins\en_US\VSTPlugins\PitchShifter2.dll
Loading from disk...
This plugin was recognized by loader 0c25b1b0-35d6-4750-be5a-a7f92f33e017.

Loading C:\Program Files\Adobe\Adobe Media Encoder CC 2015\Plug-ins\en_US\VSTPlugins\PitchShifter6.dll
Loading from disk...
This plugin was recognized by loader 0c25b1b0-35d6-4750-be5a-a7f92f33e017.

Loading C:\Program Files\Adobe\Adobe Media Encoder CC 2015\Plug-ins\en_US\VSTPlugins\Reverb1.dll
Loading from disk...
This plugin was recognized by loader 0c25b1b0-35d6-4750-be5a-a7f92f33e017.

Loading C:\Program Files\Adobe\Adobe Media Encoder CC 2015\Plug-ins\en_US\VSTPlugins\Reverb2.dll
Loading from disk...
This plugin was recognized by loader 0c25b1b0-35d6-4750-be5a-a7f92f33e017.

Loading C:\Program Files\Adobe\Adobe Media Encoder CC 2015\Plug-ins\en_US\VSTPlugins\Reverb6.dll
Loading from disk...
This plugin was recognized by loader 0c25b1b0-35d6-4750-be5a-a7f92f33e017.

Loading C:\Program Files\Adobe\Adobe Media Encoder CC 2015\Plug-ins\en_US\VSTPlugins\SpectralNoiseReduction1.dll
Loading from disk...
This plugin was recognized by loader 0c25b1b0-35d6-4750-be5a-a7f92f33e017.

Loading C:\Program Files\Adobe\Adobe Media Encoder CC 2015\Plug-ins\en_US\VSTPlugins\SpectralNoiseReduction2.dll
Loading from disk...
This plugin was recognized by loader 0c25b1b0-35d6-4750-be5a-a7f92f33e017.

Loading C:\Program Files\Adobe\Adobe Media Encoder CC 2015\Plug-ins\en_US\VSTPlugins\SpectralNoiseReduction6.dll
Loading from disk...
This plugin was recognized by loader 0c25b1b0-35d6-4750-be5a-a7f92f33e017.

Loading from root path: C:\Program Files\Adobe\Adobe Media Encoder CC 2015\Plug-ins\Common\
Scanning for the following file types: *.prmp, *.prm, *.dll, *.aex, *.8bf

Scanning C:\Program Files\Adobe\Adobe Media Encoder CC 2015\Plug-ins\Common and sub-directories

Loading C:\Program Files\Adobe\Adobe Media Encoder CC 2015\Plug-ins\Common\AEAutoColor.aex
The registry tells us to cache so the plugin will be loaded from the cache.
Loading from the registry...
The plugin has a PiPL.
The plugin was successfully loaded from the registry.

Loading C:\Program Files\Adobe\Adobe Media Encoder CC 2015\Plug-ins\Common\AEAutoContrast.aex
The registry tells us to cache so the plugin will be loaded from the cache.
Loading from the registry...
The plugin has a PiPL.
The plugin was successfully loaded from the registry.

Loading C:\Program Files\Adobe\Adobe Media Encoder CC 2015\Plug-ins\Common\AEAutoLevels.aex
The registry tells us to cache so the plugin will be loaded from the cache.
Loading from the registry...
The plugin has a PiPL.
The plugin was successfully loaded from the registry.

Loading C:\Program Files\Adobe\Adobe Media Encoder CC 2015\Plug-ins\Common\AEFilterAlphaAdjust.aex
The registry tells us to cache so the plugin will be loaded from the cache.
Loading from the registry...
The plugin has a PiPL.
The plugin was successfully loaded from the registry.

Loading C:\Program Files\Adobe\Adobe Media Encoder CC 2015\Plug-ins\Common\AEFilterBlueScreen.aex
The registry tells us to cache so the plugin will be loaded from the cache.
Loading from the registry...
The plugin has a PiPL.
The plugin was successfully loaded from the registry.

Loading C:\Program Files\Adobe\Adobe Media Encoder CC 2015\Plug-ins\Common\AEFilterChromaKey.aex
The registry tells us to cache so the plugin will be loaded from the cache.
Loading from the registry...
The plugin has a PiPL.
The plugin was successfully loaded from the registry.

Loading C:\Program Files\Adobe\Adobe Media Encoder CC 2015\Plug-ins\Common\AEFilterClipName.aex
The registry tells us to cache so the plugin will be loaded from the cache.
Loading from the registry...
The plugin has a PiPL.
The plugin was successfully loaded from the registry.

Loading C:\Program Files\Adobe\Adobe Media Encoder CC 2015\Plug-ins\Common\AEFilterColorFast.aex
The registry tells us to cache so the plugin will be loaded from the cache.
Loading from the registry...
The plugin has a PiPL.
The plugin was successfully loaded from the registry.

Loading C:\Program Files\Adobe\Adobe Media Encoder CC 2015\Plug-ins\Common\AEFilterColorRGBCorrector.aex
The registry tells us to cache so the plugin will be loaded from the cache.
Loading from the registry...
The plugin has a PiPL.
The plugin was successfully loaded from the registry.

Loading C:\Program Files\Adobe\Adobe Media Encoder CC 2015\Plug-ins\Common\AEFilterColorThreeWay.aex
The registry tells us to cache so the plugin will be loaded from the cache.
Loading from the registry...
The plugin has a PiPL.
The plugin was successfully loaded from the registry.

Loading C:\Program Files\Adobe\Adobe Media Encoder CC 2015\Plug-ins\Common\AEFilterCrop.aex
The registry tells us to cache so the plugin will be loaded from the cache.
Loading from the registry...
The plugin has a PiPL.
The plugin was successfully loaded from the registry.

Loading C:\Program Files\Adobe\Adobe Media Encoder CC 2015\Plug-ins\Common\AEFilterCrossDissolve.aex
The registry tells us to cache so the plugin will be loaded from the cache.
Loading from the registry...
The plugin has a PiPL.
The plugin was successfully loaded from the registry.

Loading C:\Program Files\Adobe\Adobe Media Encoder CC 2015\Plug-ins\Common\AEFilterGarbageMatte.aex
The registry tells us to cache so the plugin will be loaded from the cache.
Loading from the registry...
The plugin has a PiPL.
The plugin was successfully loaded from the registry.

Loading C:\Program Files\Adobe\Adobe Media Encoder CC 2015\Plug-ins\Common\AEFilterGarbageMatte16.aex
The registry tells us to cache so the plugin will be loaded from the cache.
Loading from the registry...
The plugin has a PiPL.
The plugin was successfully loaded from the registry.

Loading C:\Program Files\Adobe\Adobe Media Encoder CC 2015\Plug-ins\Common\AEFilterGarbageMatte8.aex
The registry tells us to cache so the plugin will be loaded from the cache.
Loading from the registry...
The plugin has a PiPL.
The plugin was successfully loaded from the registry.

Loading C:\Program Files\Adobe\Adobe Media Encoder CC 2015\Plug-ins\Common\AEFilterGaussianBlur.aex
The registry tells us to cache so the plugin will be loaded from the cache.
Loading from the registry...
The plugin has a PiPL.
The plugin was successfully loaded from the registry.

Loading C:\Program Files\Adobe\Adobe Media Encoder CC 2015\Plug-ins\Common\AEFilterImageMatteKey.aex
The registry tells us to cache so the plugin will be loaded from the cache.
Loading from the registry...
The plugin has a PiPL.
The plugin was successfully loaded from the registry.

Loading C:\Program Files\Adobe\Adobe Media Encoder CC 2015\Plug-ins\Common\AEFilterLightingEffect.aex
The registry tells us to cache so the plugin will be loaded from the cache.
Loading from the registry...
The plugin has a PiPL.
The plugin was successfully loaded from the registry.

Loading C:\Program Files\Adobe\Adobe Media Encoder CC 2015\Plug-ins\Common\AEFilterLumaCorrector.aex
The registry tells us to cache so the plugin will be loaded from the cache.
Loading from the registry...
The plugin has a PiPL.
The plugin was successfully loaded from the registry.

Loading C:\Program Files\Adobe\Adobe Media Encoder CC 2015\Plug-ins\Common\AEFilterLumaCurve.aex
The registry tells us to cache so the plugin will be loaded from the cache.
Loading from the registry...
The plugin has a PiPL.
The plugin was successfully loaded from the registry.

Loading C:\Program Files\Adobe\Adobe Media Encoder CC 2015\Plug-ins\Common\AEFilterLumaKey.aex
The registry tells us to cache so the plugin will be loaded from the cache.
Loading from the registry...
The plugin has a PiPL.
The plugin was successfully loaded from the registry.

Loading C:\Program Files\Adobe\Adobe Media Encoder CC 2015\Plug-ins\Common\AEFilterLumetri.aex
The registry tells us to cache so the plugin will be loaded from the cache.
Loading from the registry...
The plugin has a PiPL.
The plugin was successfully loaded from the registry.
The plugin was successfully loaded from the registry.

Loading C:\Program Files\Adobe\Adobe Media Encoder CC 2015\Plug-ins\Common\AEFilterMask.aex
The registry tells us to cache so the plugin will be loaded from the cache.
Loading from the registry...
The plugin has a PiPL.
The plugin was successfully loaded from the registry.
The plugin was successfully loaded from the registry.

Loading C:\Program Files\Adobe\Adobe Media Encoder CC 2015\Plug-ins\Common\AEFilterMorphCut.aex
The registry tells us to cache so the plugin will be loaded from the cache.
Loading from the registry...
The plugin has a PiPL.
The plugin was successfully loaded from the registry.
The plugin was successfully loaded from the registry.

Loading C:\Program Files\Adobe\Adobe Media Encoder CC 2015\Plug-ins\Common\AEFilterNonRedKey.aex
The registry tells us to cache so the plugin will be loaded from the cache.
Loading from the registry...
The plugin has a PiPL.
The plugin was successfully loaded from the registry.

Loading C:\Program Files\Adobe\Adobe Media Encoder CC 2015\Plug-ins\Common\AEFilterProcAmp.aex
The registry tells us to cache so the plugin will be loaded from the cache.
Loading from the registry...
The plugin has a PiPL.
The plugin was successfully loaded from the registry.

Loading C:\Program Files\Adobe\Adobe Media Encoder CC 2015\Plug-ins\Common\AEFilterRemoveMatte.aex
The registry tells us to cache so the plugin will be loaded from the cache.
Loading from the registry...
The plugin has a PiPL.
The plugin was successfully loaded from the registry.

Loading C:\Program Files\Adobe\Adobe Media Encoder CC 2015\Plug-ins\Common\AEFilterRGBCurves.aex
The registry tells us to cache so the plugin will be loaded from the cache.
Loading from the registry...
The plugin has a PiPL.
The plugin was successfully loaded from the registry.

Loading C:\Program Files\Adobe\Adobe Media Encoder CC 2015\Plug-ins\Common\AEFilterRGBDifferenceKey.aex
The registry tells us to cache so the plugin will be loaded from the cache.
Loading from the registry...
The plugin has a PiPL.
The plugin was successfully loaded from the registry.

Loading C:\Program Files\Adobe\Adobe Media Encoder CC 2015\Plug-ins\Common\AEFilterSDRConform.aex
The registry tells us to cache so the plugin will be loaded from the cache.
Loading from the registry...
The plugin has a PiPL.
The plugin was successfully loaded from the registry.
The plugin was successfully loaded from the registry.

Loading C:\Program Files\Adobe\Adobe Media Encoder CC 2015\Plug-ins\Common\AEFilterTimecode.aex
The registry tells us to cache so the plugin will be loaded from the cache.
Loading from the registry...
The plugin has a PiPL.
The plugin was successfully loaded from the registry.

Loading C:\Program Files\Adobe\Adobe Media Encoder CC 2015\Plug-ins\Common\AEFilterTrackMatteKey.aex
The registry tells us to cache so the plugin will be loaded from the cache.
Loading from the registry...
The plugin has a PiPL.
The plugin was successfully loaded from the registry.

Loading C:\Program Files\Adobe\Adobe Media Encoder CC 2015\Plug-ins\Common\AEFilterUltraKey.aex
The registry tells us to cache so the plugin will be loaded from the cache.
Loading from the registry...
The plugin has a PiPL.
The plugin was successfully loaded from the registry.

Loading C:\Program Files\Adobe\Adobe Media Encoder CC 2015\Plug-ins\Common\AEFilterVideoLimiter.aex
The registry tells us to cache so the plugin will be loaded from the cache.
Loading from the registry...
The plugin has a PiPL.
The plugin was successfully loaded from the registry.

Loading C:\Program Files\Adobe\Adobe Media Encoder CC 2015\Plug-ins\Common\AEShadowHighlight.aex
The registry tells us to cache so the plugin will be loaded from the cache.
Loading from the registry...
The plugin has a PiPL.
The plugin was successfully loaded from the registry.

Loading C:\Program Files\Adobe\Adobe Media Encoder CC 2015\Plug-ins\Common\Arithmetic.aex
The registry tells us to cache so the plugin will be loaded from the cache.
Loading from the registry...
The plugin has a PiPL.
The plugin was successfully loaded from the registry.

Loading C:\Program Files\Adobe\Adobe Media Encoder CC 2015\Plug-ins\Common\ARRIRAWSourceSettings.aex
The registry tells us to cache so the plugin will be loaded from the cache.
Loading from the registry...
The plugin has a PiPL.
The plugin was successfully loaded from the registry.

Loading C:\Program Files\Adobe\Adobe Media Encoder CC 2015\Plug-ins\Common\B-C-2.aex
The registry tells us to cache so the plugin will be loaded from the cache.
Loading from the registry...
The plugin has a PiPL.
The plugin was successfully loaded from the registry.

Loading C:\Program Files\Adobe\Adobe Media Encoder CC 2015\Plug-ins\Common\Basic_3D.aex
The registry tells us to cache so the plugin will be loaded from the cache.
Loading from the registry...
The plugin has a PiPL.
The plugin was successfully loaded from the registry.

Loading C:\Program Files\Adobe\Adobe Media Encoder CC 2015\Plug-ins\Common\Bevel_Alpha.aex
The registry tells us to cache so the plugin will be loaded from the cache.
Loading from the registry...
The plugin has a PiPL.
The plugin was successfully loaded from the registry.

Loading C:\Program Files\Adobe\Adobe Media Encoder CC 2015\Plug-ins\Common\Bevel_Edges.aex
The registry tells us to cache so the plugin will be loaded from the cache.
Loading from the registry...
The plugin has a PiPL.
The plugin was successfully loaded from the registry.

Loading C:\Program Files\Adobe\Adobe Media Encoder CC 2015\Plug-ins\Common\Blend.aex
The registry tells us to cache so the plugin will be loaded from the cache.
Loading from the registry...
The plugin has a PiPL.
The plugin was successfully loaded from the registry.

Loading C:\Program Files\Adobe\Adobe Media Encoder CC 2015\Plug-ins\Common\Block_Dissolve.aex
The registry tells us to cache so the plugin will be loaded from the cache.
Loading from the registry...
The plugin has a PiPL.
The plugin was successfully loaded from the registry.

Loading C:\Program Files\Adobe\Adobe Media Encoder CC 2015\Plug-ins\Common\Broadcast_Colors.aex
The registry tells us to cache so the plugin will be loaded from the cache.
Loading from the registry...
The plugin has a PiPL.
The plugin was successfully loaded from the registry.

Loading C:\Program Files\Adobe\Adobe Media Encoder CC 2015\Plug-ins\Common\Brush_Strokes.aex
The registry tells us to cache so the plugin will be loaded from the cache.
Loading from the registry...
The plugin has a PiPL.
The plugin was successfully loaded from the registry.

Loading C:\Program Files\Adobe\Adobe Media Encoder CC 2015\Plug-ins\Common\Calculations.aex
The registry tells us to cache so the plugin will be loaded from the cache.
Loading from the registry...
The plugin has a PiPL.
The plugin was successfully loaded from the registry.

Loading C:\Program Files\Adobe\Adobe Media Encoder CC 2015\Plug-ins\Common\CellPattern.aex
The registry tells us to cache so the plugin will be loaded from the cache.
Loading from the registry...
The plugin has a PiPL.
The plugin was successfully loaded from the registry.

Loading C:\Program Files\Adobe\Adobe Media Encoder CC 2015\Plug-ins\Common\ChangeToColor.aex
The registry tells us to cache so the plugin will be loaded from the cache.
Loading from the registry...
The plugin has a PiPL.
The plugin was successfully loaded from the registry.

Loading C:\Program Files\Adobe\Adobe Media Encoder CC 2015\Plug-ins\Common\Change_Color.aex
The registry tells us to cache so the plugin will be loaded from the cache.
Loading from the registry...
The plugin has a PiPL.
The plugin was successfully loaded from the registry.

Loading C:\Program Files\Adobe\Adobe Media Encoder CC 2015\Plug-ins\Common\Channel_Blur.aex
The registry tells us to cache so the plugin will be loaded from the cache.
Loading from the registry...
The plugin has a PiPL.
The plugin was successfully loaded from the registry.

Loading C:\Program Files\Adobe\Adobe Media Encoder CC 2015\Plug-ins\Common\Channel_Mixer.aex
The registry tells us to cache so the plugin will be loaded from the cache.
Loading from the registry...
The plugin has a PiPL.
The plugin was successfully loaded from the registry.

Loading C:\Program Files\Adobe\Adobe Media Encoder CC 2015\Plug-ins\Common\Checkerboard.aex
The registry tells us to cache so the plugin will be loaded from the cache.
Loading from the registry...
The plugin has a PiPL.
The plugin was successfully loaded from the registry.

Loading C:\Program Files\Adobe\Adobe Media Encoder CC 2015\Plug-ins\Common\CinemaDNGSourceSettings.aex
The registry tells us to cache so the plugin will be loaded from the cache.
Loading from the registry...
The plugin has a PiPL.
The plugin was successfully loaded from the registry.

Loading C:\Program Files\Adobe\Adobe Media Encoder CC 2015\Plug-ins\Common\CineonEffect.aex
The registry tells us to cache so the plugin will be loaded from the cache.
Loading from the registry...
The plugin has a PiPL.
The plugin was successfully loaded from the registry.

Loading C:\Program Files\Adobe\Adobe Media Encoder CC 2015\Plug-ins\Common\Circle.aex
The registry tells us to cache so the plugin will be loaded from the cache.
Loading from the registry...
The plugin has a PiPL.
The plugin was successfully loaded from the registry.

Loading C:\Program Files\Adobe\Adobe Media Encoder CC 2015\Plug-ins\Common\ColorsQuad.aex
The registry tells us to cache so the plugin will be loaded from the cache.
Loading from the registry...
The plugin has a PiPL.
The plugin was successfully loaded from the registry.

Loading C:\Program Files\Adobe\Adobe Media Encoder CC 2015\Plug-ins\Common\Color_Balance_2.aex
The registry tells us to cache so the plugin will be loaded from the cache.
Loading from the registry...
The plugin has a PiPL.
The plugin was successfully loaded from the registry.

Loading C:\Program Files\Adobe\Adobe Media Encoder CC 2015\Plug-ins\Common\Color_Emboss.aex
The registry tells us to cache so the plugin will be loaded from the cache.
Loading from the registry...
The plugin has a PiPL.
The plugin was successfully loaded from the registry.

Loading C:\Program Files\Adobe\Adobe Media Encoder CC 2015\Plug-ins\Common\Color_HLS.aex
The registry tells us to cache so the plugin will be loaded from the cache.
Loading from the registry...
The plugin has a PiPL.
The plugin was successfully loaded from the registry.

Loading C:\Program Files\Adobe\Adobe Media Encoder CC 2015\Plug-ins\Common\Color_Key.aex
The registry tells us to cache so the plugin will be loaded from the cache.
Loading from the registry...
The plugin has a PiPL.
The plugin was successfully loaded from the registry.

Loading C:\Program Files\Adobe\Adobe Media Encoder CC 2015\Plug-ins\Common\Compound_Arith.aex
The registry tells us to cache so the plugin will be loaded from the cache.
Loading from the registry...
The plugin has a PiPL.
The plugin was successfully loaded from the registry.

Loading C:\Program Files\Adobe\Adobe Media Encoder CC 2015\Plug-ins\Common\Compound_Blur.aex
The registry tells us to cache so the plugin will be loaded from the cache.
Loading from the registry...
The plugin has a PiPL.
The plugin was successfully loaded from the registry.

Loading C:\Program Files\Adobe\Adobe Media Encoder CC 2015\Plug-ins\Common\Corner_Pin.aex
The registry tells us to cache so the plugin will be loaded from the cache.
Loading from the registry...
The plugin has a PiPL.
The plugin was successfully loaded from the registry.

Loading C:\Program Files\Adobe\Adobe Media Encoder CC 2015\Plug-ins\Common\Difference.aex
The registry tells us to cache so the plugin will be loaded from the cache.
Loading from the registry...
The plugin has a PiPL.
The plugin was successfully loaded from the registry.

Loading C:\Program Files\Adobe\Adobe Media Encoder CC 2015\Plug-ins\Common\DirectionalBlur.aex
The registry tells us to cache so the plugin will be loaded from the cache.
Loading from the registry...
The plugin has a PiPL.
The plugin was successfully loaded from the registry.

Loading C:\Program Files\Adobe\Adobe Media Encoder CC 2015\Plug-ins\Common\DPXSourceSettings.aex
The registry tells us to cache so the plugin will be loaded from the cache.
Loading from the registry...
The plugin has a PiPL.
The plugin was successfully loaded from the registry.

Loading C:\Program Files\Adobe\Adobe Media Encoder CC 2015\Plug-ins\Common\Drop_Shadow.aex
The registry tells us to cache so the plugin will be loaded from the cache.
Loading from the registry...
The plugin has a PiPL.
The plugin was successfully loaded from the registry.

Loading C:\Program Files\Adobe\Adobe Media Encoder CC 2015\Plug-ins\Common\Dust.aex
The registry tells us to cache so the plugin will be loaded from the cache.
Loading from the registry...
The plugin has a PiPL.
The plugin was successfully loaded from the registry.

Loading C:\Program Files\Adobe\Adobe Media Encoder CC 2015\Plug-ins\Common\Echo.aex
The registry tells us to cache so the plugin will be loaded from the cache.
Loading from the registry...
The plugin has a PiPL.
The plugin was successfully loaded from the registry.

Loading C:\Program Files\Adobe\Adobe Media Encoder CC 2015\Plug-ins\Common\Ellipse.aex
The registry tells us to cache so the plugin will be loaded from the cache.
Loading from the registry...
The plugin has a PiPL.
The plugin was successfully loaded from the registry.

Loading C:\Program Files\Adobe\Adobe Media Encoder CC 2015\Plug-ins\Common\Emboss.aex
The registry tells us to cache so the plugin will be loaded from the cache.
Loading from the registry...
The plugin has a PiPL.
The plugin was successfully loaded from the registry.

Loading C:\Program Files\Adobe\Adobe Media Encoder CC 2015\Plug-ins\Common\Equalize.aex
The registry tells us to cache so the plugin will be loaded from the cache.
Loading from the registry...
The plugin has a PiPL.
The plugin was successfully loaded from the registry.

Loading C:\Program Files\Adobe\Adobe Media Encoder CC 2015\Plug-ins\Common\EyedropperFill.aex
The registry tells us to cache so the plugin will be loaded from the cache.
Loading from the registry...
The plugin has a PiPL.
The plugin was successfully loaded from the registry.

Loading C:\Program Files\Adobe\Adobe Media Encoder CC 2015\Plug-ins\Common\F65SourceSettings.aex
The registry tells us to cache so the plugin will be loaded from the cache.
Loading from the registry...
The plugin has a PiPL.
The plugin was successfully loaded from the registry.

Loading C:\Program Files\Adobe\Adobe Media Encoder CC 2015\Plug-ins\Common\Fast_Blur.aex
The registry tells us to cache so the plugin will be loaded from the cache.
Loading from the registry...
The plugin has a PiPL.
The plugin was successfully loaded from the registry.

Loading C:\Program Files\Adobe\Adobe Media Encoder CC 2015\Plug-ins\Common\Find_Edges.aex
The registry tells us to cache so the plugin will be loaded from the cache.
Loading from the registry...
The plugin has a PiPL.
The plugin was successfully loaded from the registry.

Loading C:\Program Files\Adobe\Adobe Media Encoder CC 2015\Plug-ins\Common\Gradient_Wipe.aex
The registry tells us to cache so the plugin will be loaded from the cache.
Loading from the registry...
The plugin has a PiPL.
The plugin was successfully loaded from the registry.

Loading C:\Program Files\Adobe\Adobe Media Encoder CC 2015\Plug-ins\Common\Grid.aex
The registry tells us to cache so the plugin will be loaded from the cache.
Loading from the registry...
The plugin has a PiPL.
The plugin was successfully loaded from the registry.

Loading C:\Program Files\Adobe\Adobe Media Encoder CC 2015\Plug-ins\Common\Invert.aex
The registry tells us to cache so the plugin will be loaded from the cache.
Loading from the registry...
The plugin has a PiPL.
The plugin was successfully loaded from the registry.

Loading C:\Program Files\Adobe\Adobe Media Encoder CC 2015\Plug-ins\Common\Leave_Color.aex
The registry tells us to cache so the plugin will be loaded from the cache.
Loading from the registry...
The plugin has a PiPL.
The plugin was successfully loaded from the registry.

Loading C:\Program Files\Adobe\Adobe Media Encoder CC 2015\Plug-ins\Common\Lens_Flare.aex
The registry tells us to cache so the plugin will be loaded from the cache.
Loading from the registry...
The plugin has a PiPL.
The plugin was successfully loaded from the registry.

Loading C:\Program Files\Adobe\Adobe Media Encoder CC 2015\Plug-ins\Common\Lightning.aex
The registry tells us to cache so the plugin will be loaded from the cache.
Loading from the registry...
The plugin has a PiPL.
The plugin was successfully loaded from the registry.

Loading C:\Program Files\Adobe\Adobe Media Encoder CC 2015\Plug-ins\Common\Linear_Wipe.aex
The registry tells us to cache so the plugin will be loaded from the cache.
Loading from the registry...
The plugin has a PiPL.
The plugin was successfully loaded from the registry.

Loading C:\Program Files\Adobe\Adobe Media Encoder CC 2015\Plug-ins\Common\Magnify.aex
The registry tells us to cache so the plugin will be loaded from the cache.
Loading from the registry...
The plugin has a PiPL.
The plugin was successfully loaded from the registry.

Loading C:\Program Files\Adobe\Adobe Media Encoder CC 2015\Plug-ins\Common\Median.aex
The registry tells us to cache so the plugin will be loaded from the cache.
Loading from the registry...
The plugin has a PiPL.
The plugin was successfully loaded from the registry.

Loading C:\Program Files\Adobe\Adobe Media Encoder CC 2015\Plug-ins\Common\Mirror.aex
The registry tells us to cache so the plugin will be loaded from the cache.
Loading from the registry...
The plugin has a PiPL.
The plugin was successfully loaded from the registry.

Loading C:\Program Files\Adobe\Adobe Media Encoder CC 2015\Plug-ins\Common\Mosaic.aex
The registry tells us to cache so the plugin will be loaded from the cache.
Loading from the registry...
The plugin has a PiPL.
The plugin was successfully loaded from the registry.

Loading C:\Program Files\Adobe\Adobe Media Encoder CC 2015\Plug-ins\Common\Motion.aex
The registry tells us to cache so the plugin will be loaded from the cache.
Loading from the registry...
The plugin has a PiPL.
The plugin was successfully loaded from the registry.

Loading C:\Program Files\Adobe\Adobe Media Encoder CC 2015\Plug-ins\Common\Noise.aex
The registry tells us to cache so the plugin will be loaded from the cache.
Loading from the registry...
The plugin has a PiPL.
The plugin was successfully loaded from the registry.

Loading C:\Program Files\Adobe\Adobe Media Encoder CC 2015\Plug-ins\Common\NoiseAlpha.aex
The registry tells us to cache so the plugin will be loaded from the cache.
Loading from the registry...
The plugin has a PiPL.
The plugin was successfully loaded from the registry.

Loading C:\Program Files\Adobe\Adobe Media Encoder CC 2015\Plug-ins\Common\NoiseHLS.aex
The registry tells us to cache so the plugin will be loaded from the cache.
Loading from the registry...
The plugin has a PiPL.
The plugin was successfully loaded from the registry.

Loading C:\Program Files\Adobe\Adobe Media Encoder CC 2015\Plug-ins\Common\NoiseHLSAuto.aex
The registry tells us to cache so the plugin will be loaded from the cache.
Loading from the registry...
The plugin has a PiPL.
The plugin was successfully loaded from the registry.

Loading C:\Program Files\Adobe\Adobe Media Encoder CC 2015\Plug-ins\Common\Offset.aex
The registry tells us to cache so the plugin will be loaded from the cache.
Loading from the registry...
The plugin has a PiPL.
The plugin was successfully loaded from the registry.

Loading C:\Program Files\Adobe\Adobe Media Encoder CC 2015\Plug-ins\Common\Opacity.aex
The registry tells us to cache so the plugin will be loaded from the cache.
Loading from the registry...
The plugin has a PiPL.
The plugin was successfully loaded from the registry.

Loading C:\Program Files\Adobe\Adobe Media Encoder CC 2015\Plug-ins\Common\PaintBucket.aex
The registry tells us to cache so the plugin will be loaded from the cache.
Loading from the registry...
The plugin has a PiPL.
The plugin was successfully loaded from the registry.

Loading C:\Program Files\Adobe\Adobe Media Encoder CC 2015\Plug-ins\Common\Posterize.aex
The registry tells us to cache so the plugin will be loaded from the cache.
Loading from the registry...
The plugin has a PiPL.
The plugin was successfully loaded from the registry.

Loading C:\Program Files\Adobe\Adobe Media Encoder CC 2015\Plug-ins\Common\Posterize_Time.aex
The registry tells us to cache so the plugin will be loaded from the cache.
Loading from the registry...
The plugin has a PiPL.
The plugin was successfully loaded from the registry.

Loading C:\Program Files\Adobe\Adobe Media Encoder CC 2015\Plug-ins\Common\RadialShadow.aex
The registry tells us to cache so the plugin will be loaded from the cache.
Loading from the registry...
The plugin has a PiPL.
The plugin was successfully loaded from the registry.

Loading C:\Program Files\Adobe\Adobe Media Encoder CC 2015\Plug-ins\Common\Radial_Wipe.aex
The registry tells us to cache so the plugin will be loaded from the cache.
Loading from the registry...
The plugin has a PiPL.
The plugin was successfully loaded from the registry.

Loading C:\Program Files\Adobe\Adobe Media Encoder CC 2015\Plug-ins\Common\Ramp.aex
The registry tells us to cache so the plugin will be loaded from the cache.
Loading from the registry...
The plugin has a PiPL.
The plugin was successfully loaded from the registry.

Loading C:\Program Files\Adobe\Adobe Media Encoder CC 2015\Plug-ins\Common\REDSourceSettings.aex
The registry tells us to cache so the plugin will be loaded from the cache.
Loading from the registry...
The plugin has a PiPL.
The plugin was successfully loaded from the registry.

Loading C:\Program Files\Adobe\Adobe Media Encoder CC 2015\Plug-ins\Common\RollingShutter.aex
The registry tells us to cache so the plugin will be loaded from the cache.
Loading from the registry...
The plugin has a PiPL.
The plugin was successfully loaded from the registry.

Loading C:\Program Files\Adobe\Adobe Media Encoder CC 2015\Plug-ins\Common\RoughenEdges.aex
The registry tells us to cache so the plugin will be loaded from the cache.
Loading from the registry...
The plugin has a PiPL.
The plugin was successfully loaded from the registry.

Loading C:\Program Files\Adobe\Adobe Media Encoder CC 2015\Plug-ins\Common\Set_Matte.aex
The registry tells us to cache so the plugin will be loaded from the cache.
Loading from the registry...
The plugin has a PiPL.
The plugin was successfully loaded from the registry.

Loading C:\Program Files\Adobe\Adobe Media Encoder CC 2015\Plug-ins\Common\Sharpen.aex
The registry tells us to cache so the plugin will be loaded from the cache.
Loading from the registry...
The plugin has a PiPL.
The plugin was successfully loaded from the registry.

Loading C:\Program Files\Adobe\Adobe Media Encoder CC 2015\Plug-ins\Common\SolidComposite.aex
The registry tells us to cache so the plugin will be loaded from the cache.
Loading from the registry...
The plugin has a PiPL.
The plugin was successfully loaded from the registry.

Loading C:\Program Files\Adobe\Adobe Media Encoder CC 2015\Plug-ins\Common\Spherize.aex
The registry tells us to cache so the plugin will be loaded from the cache.
Loading from the registry...
The plugin has a PiPL.
The plugin was successfully loaded from the registry.

Loading C:\Program Files\Adobe\Adobe Media Encoder CC 2015\Plug-ins\Common\Stabilizer.aex
The registry tells us to cache so the plugin will be loaded from the cache.
Loading from the registry...
The plugin has a PiPL.
The plugin was successfully loaded from the registry.

Loading C:\Program Files\Adobe\Adobe Media Encoder CC 2015\Plug-ins\Common\Strobe_Light.aex
The registry tells us to cache so the plugin will be loaded from the cache.
Loading from the registry...
The plugin has a PiPL.
The plugin was successfully loaded from the registry.

Loading C:\Program Files\Adobe\Adobe Media Encoder CC 2015\Plug-ins\Common\Texturize.aex
The registry tells us to cache so the plugin will be loaded from the cache.
Loading from the registry...
The plugin has a PiPL.
The plugin was successfully loaded from the registry.

Loading C:\Program Files\Adobe\Adobe Media Encoder CC 2015\Plug-ins\Common\Threshold.aex
The registry tells us to cache so the plugin will be loaded from the cache.
Loading from the registry...
The plugin has a PiPL.
The plugin was successfully loaded from the registry.

Loading C:\Program Files\Adobe\Adobe Media Encoder CC 2015\Plug-ins\Common\Tint.aex
The registry tells us to cache so the plugin will be loaded from the cache.
Loading from the registry...
The plugin has a PiPL.
The plugin was successfully loaded from the registry.

Loading C:\Program Files\Adobe\Adobe Media Encoder CC 2015\Plug-ins\Common\Transform.aex
The registry tells us to cache so the plugin will be loaded from the cache.
Loading from the registry...
The plugin has a PiPL.
The plugin was successfully loaded from the registry.

Loading C:\Program Files\Adobe\Adobe Media Encoder CC 2015\Plug-ins\Common\TurbulentDisplace.aex
The registry tells us to cache so the plugin will be loaded from the cache.
Loading from the registry...
The plugin has a PiPL.
The plugin was successfully loaded from the registry.

Loading C:\Program Files\Adobe\Adobe Media Encoder CC 2015\Plug-ins\Common\Twirl.aex
The registry tells us to cache so the plugin will be loaded from the cache.
Loading from the registry...
The plugin has a PiPL.
The plugin was successfully loaded from the registry.

Loading C:\Program Files\Adobe\Adobe Media Encoder CC 2015\Plug-ins\Common\Unsharp_Mask.aex
The registry tells us to cache so the plugin will be loaded from the cache.
Loading from the registry...
The plugin has a PiPL.
The plugin was successfully loaded from the registry.

Loading C:\Program Files\Adobe\Adobe Media Encoder CC 2015\Plug-ins\Common\Venetian_Blinds.aex
The registry tells us to cache so the plugin will be loaded from the cache.
Loading from the registry...
The plugin has a PiPL.
The plugin was successfully loaded from the registry.

Loading C:\Program Files\Adobe\Adobe Media Encoder CC 2015\Plug-ins\Common\Wave_Warp.aex
The registry tells us to cache so the plugin will be loaded from the cache.
Loading from the registry...
The plugin has a PiPL.
The plugin was successfully loaded from the registry.

Loading C:\Program Files\Adobe\Adobe Media Encoder CC 2015\Plug-ins\Common\Write_on.aex
The registry tells us to cache so the plugin will be loaded from the cache.
Loading from the registry...
The plugin has a PiPL.
The plugin was successfully loaded from the registry.

Loading C:\Program Files\Adobe\Adobe Media Encoder CC 2015\Plug-ins\Common\AsioWdm.dll
The registry tells us to cache so the plugin will be loaded from the cache.
The plugin is marked as Ignore, so it will not be loaded.

Loading C:\Program Files\Adobe\Adobe Media Encoder CC 2015\Plug-ins\Common\libmmd.dll
The registry tells us to cache so the plugin will be loaded from the cache.
The plugin is marked as Ignore, so it will not be loaded.

Loading C:\Program Files\Adobe\Adobe Media Encoder CC 2015\Plug-ins\Common\SMDK-VC120-x64-4_7_0.dll
The registry tells us to cache so the plugin will be loaded from the cache.
The plugin is marked as Ignore, so it will not be loaded.

Loading C:\Program Files\Adobe\Adobe Media Encoder CC 2015\Plug-ins\Common\SonyRawDev.dll
The registry tells us to cache so the plugin will be loaded from the cache.
The plugin is marked as Ignore, so it will not be loaded.

Loading C:\Program Files\Adobe\Adobe Media Encoder CC 2015\Plug-ins\Common\svml_dispmd.dll
The registry tells us to cache so the plugin will be loaded from the cache.
The plugin is marked as Ignore, so it will not be loaded.

Loading C:\Program Files\Adobe\Adobe Media Encoder CC 2015\Plug-ins\Common\xerces-c_3_0.dll
The registry tells us to cache so the plugin will be loaded from the cache.
The plugin is marked as Ignore, so it will not be loaded.

Loading C:\Program Files\Adobe\Adobe Media Encoder CC 2015\Plug-ins\Common\PremiereFiltersMetaPlugin.prmp

Loading C:\Program Files\Adobe\Adobe Media Encoder CC 2015\Plug-ins\Common\TransitionsMetaPlugin.prmp

Loading C:\Program Files\Adobe\Adobe Media Encoder CC 2015\Plug-ins\Common\ExporterAIFF.prm
The registry tells us to cache so the plugin will be loaded from the cache.
Loading from the registry...
The plugin was successfully loaded from the registry.

Loading C:\Program Files\Adobe\Adobe Media Encoder CC 2015\Plug-ins\Common\ExporterAVI.prm
The registry tells us not to cache so the plugin will be loaded from disk.
Loading from disk...
This plugin was recognized by loader d3092dcf-904a-4a97-b4ca-66aed7540d57.

Loading C:\Program Files\Adobe\Adobe Media Encoder CC 2015\Plug-ins\Common\ExporterBMP.prm
The registry tells us to cache so the plugin will be loaded from the cache.
Loading from the registry...
The plugin was successfully loaded from the registry.

Loading C:\Program Files\Adobe\Adobe Media Encoder CC 2015\Plug-ins\Common\ExporterDPX.prm
The registry tells us to cache so the plugin will be loaded from the cache.
Loading from the registry...
The plugin was successfully loaded from the registry.

Loading C:\Program Files\Adobe\Adobe Media Encoder CC 2015\Plug-ins\Common\ExporterGIF.prm
The registry tells us to cache so the plugin will be loaded from the cache.
Loading from the registry...
The plugin was successfully loaded from the registry.

Loading C:\Program Files\Adobe\Adobe Media Encoder CC 2015\Plug-ins\Common\ExporterGIFStill.prm
The registry tells us to cache so the plugin will be loaded from the cache.
Loading from the registry...
The plugin was successfully loaded from the registry.

Loading C:\Program Files\Adobe\Adobe Media Encoder CC 2015\Plug-ins\Common\ExporterJPEG.prm
The registry tells us to cache so the plugin will be loaded from the cache.
Loading from the registry...
The plugin was successfully loaded from the registry.

Loading C:\Program Files\Adobe\Adobe Media Encoder CC 2015\Plug-ins\Common\ExporterMP3.prm
The registry tells us to cache so the plugin will be loaded from the cache.
Loading from the registry...
The plugin was successfully loaded from the registry.

Loading C:\Program Files\Adobe\Adobe Media Encoder CC 2015\Plug-ins\Common\ExporterMPEG2.prm
The registry tells us not to cache so the plugin will be loaded from disk.
Loading from disk...
This plugin was recognized by loader d3092dcf-904a-4a97-b4ca-66aed7540d57.

Loading C:\Program Files\Adobe\Adobe Media Encoder CC 2015\Plug-ins\Common\ExporterMPEG4.prm
The registry tells us not to cache so the plugin will be loaded from disk.
Loading from disk...
This plugin was recognized by loader d3092dcf-904a-4a97-b4ca-66aed7540d57.
This plugin was recognized by loader d3092dcf-904a-4a97-b4ca-66aed7540d57.
This plugin was recognized by loader d3092dcf-904a-4a97-b4ca-66aed7540d57.
This plugin was recognized by loader d3092dcf-904a-4a97-b4ca-66aed7540d57.
This plugin was recognized by loader d3092dcf-904a-4a97-b4ca-66aed7540d57.

Loading C:\Program Files\Adobe\Adobe Media Encoder CC 2015\Plug-ins\Common\ExporterMPEGPreview.prm
The registry tells us not to cache so the plugin will be loaded from disk.
Loading from disk...
This plugin was recognized by loader d3092dcf-904a-4a97-b4ca-66aed7540d57.

Loading C:\Program Files\Adobe\Adobe Media Encoder CC 2015\Plug-ins\Common\ExporterMXF.prm
The registry tells us to cache so the plugin will be loaded from the cache.
Loading from the registry...
The plugin was successfully loaded from the registry.
The plugin was successfully loaded from the registry.

Loading C:\Program Files\Adobe\Adobe Media Encoder CC 2015\Plug-ins\Common\ExporterP2.prm
The registry tells us to cache so the plugin will be loaded from the cache.
Loading from the registry...
The plugin was successfully loaded from the registry.

Loading C:\Program Files\Adobe\Adobe Media Encoder CC 2015\Plug-ins\Common\ExporterPNG.prm
The registry tells us to cache so the plugin will be loaded from the cache.
Loading from the registry...
The plugin was successfully loaded from the registry.

Loading C:\Program Files\Adobe\Adobe Media Encoder CC 2015\Plug-ins\Common\ExporterTarga.prm
The registry tells us to cache so the plugin will be loaded from the cache.
Loading from the registry...
The plugin was successfully loaded from the registry.

Loading C:\Program Files\Adobe\Adobe Media Encoder CC 2015\Plug-ins\Common\ExporterTIFF.prm
The registry tells us to cache so the plugin will be loaded from the cache.
Loading from the registry...
The plugin was successfully loaded from the registry.

Loading C:\Program Files\Adobe\Adobe Media Encoder CC 2015\Plug-ins\Common\ExporterUncompressed.prm
The registry tells us to cache so the plugin will be loaded from the cache.
Loading from the registry...
The plugin was successfully loaded from the registry.

Loading C:\Program Files\Adobe\Adobe Media Encoder CC 2015\Plug-ins\Common\ExporterWave.prm
The registry tells us to cache so the plugin will be loaded from the cache.
Loading from the registry...
The plugin was successfully loaded from the registry.

Loading C:\Program Files\Adobe\Adobe Media Encoder CC 2015\Plug-ins\Common\ExporterWindowsMedia.prm
The registry tells us to cache so the plugin will be loaded from the cache.
Loading from the registry...
The plugin was successfully loaded from the registry.

Loading C:\Program Files\Adobe\Adobe Media Encoder CC 2015\Plug-ins\Common\ExporterXDCAMHD.prm
The registry tells us not to cache so the plugin will be loaded from disk.
Loading from disk...
This plugin was recognized by loader d3092dcf-904a-4a97-b4ca-66aed7540d57.
This plugin was recognized by loader d3092dcf-904a-4a97-b4ca-66aed7540d57.

Loading C:\Program Files\Adobe\Adobe Media Encoder CC 2015\Plug-ins\Common\FCPXProjectConverter.prm
The registry tells us to cache so the plugin will be loaded from the cache.
Loading from the registry...
The plugin was successfully loaded from the registry.

Loading C:\Program Files\Adobe\Adobe Media Encoder CC 2015\Plug-ins\Common\ImporterAIEPS.prm
The registry tells us to cache so the plugin will be loaded from the cache.
Loading from the registry...
The plugin was successfully loaded from the registry.

Loading C:\Program Files\Adobe\Adobe Media Encoder CC 2015\Plug-ins\Common\ImporterAiff.prm
The registry tells us to cache so the plugin will be loaded from the cache.
Loading from the registry...
The plugin was successfully loaded from the registry.

Loading C:\Program Files\Adobe\Adobe Media Encoder CC 2015\Plug-ins\Common\ImporterARRIRAW.prm
The registry tells us to cache so the plugin will be loaded from the cache.
Loading from the registry...
The plugin was successfully loaded from the registry.

Loading C:\Program Files\Adobe\Adobe Media Encoder CC 2015\Plug-ins\Common\ImporterASND.prm
The registry tells us to cache so the plugin will be loaded from the cache.
Loading from the registry...
The plugin was successfully loaded from the registry.

Loading C:\Program Files\Adobe\Adobe Media Encoder CC 2015\Plug-ins\Common\ImporterAVI.prm
The registry tells us not to cache so the plugin will be loaded from disk.
Loading from disk...
This plugin was recognized by loader ba1058cd-0007-44e4-bf1a-0ef51307b979.

Loading C:\Program Files\Adobe\Adobe Media Encoder CC 2015\Plug-ins\Common\ImporterBarsAndTone.prm
The registry tells us to cache so the plugin will be loaded from the cache.
Loading from the registry...
The plugin has a PiPL.
The plugin was successfully loaded from the registry.

Loading C:\Program Files\Adobe\Adobe Media Encoder CC 2015\Plug-ins\Common\ImporterBlackMatte.prm
The registry tells us to cache so the plugin will be loaded from the cache.
Loading from the registry...
The plugin has a PiPL.
The plugin was successfully loaded from the registry.

Loading C:\Program Files\Adobe\Adobe Media Encoder CC 2015\Plug-ins\Common\ImporterCaptioning.prm
The registry tells us to cache so the plugin will be loaded from the cache.
Loading from the registry...
The plugin has a PiPL.
The plugin was successfully loaded from the registry.

Loading C:\Program Files\Adobe\Adobe Media Encoder CC 2015\Plug-ins\Common\ImporterColorMatte.prm
The registry tells us to cache so the plugin will be loaded from the cache.
Loading from the registry...
The plugin has a PiPL.
The plugin was successfully loaded from the registry.

Loading C:\Program Files\Adobe\Adobe Media Encoder CC 2015\Plug-ins\Common\ImporterDirectShow.prm
The registry tells us to cache so the plugin will be loaded from the cache.
Loading from the registry...
The plugin was successfully loaded from the registry.

Loading C:\Program Files\Adobe\Adobe Media Encoder CC 2015\Plug-ins\Common\ImporterDPX.prm
The registry tells us to cache so the plugin will be loaded from the cache.
Loading from the registry...
The plugin was successfully loaded from the registry.

Loading C:\Program Files\Adobe\Adobe Media Encoder CC 2015\Plug-ins\Common\ImporterF65.prm
The registry tells us to cache so the plugin will be loaded from the cache.
Loading from the registry...
The plugin was successfully loaded from the registry.

Loading C:\Program Files\Adobe\Adobe Media Encoder CC 2015\Plug-ins\Common\ImporterFastMPEG.prm
The registry tells us not to cache so the plugin will be loaded from disk.
Loading from disk...
This plugin was recognized by loader ba1058cd-0007-44e4-bf1a-0ef51307b979.

Loading C:\Program Files\Adobe\Adobe Media Encoder CC 2015\Plug-ins\Common\ImporterFLV.prm
The registry tells us to cache so the plugin will be loaded from the cache.
Loading from the registry...
The plugin was successfully loaded from the registry.

Loading C:\Program Files\Adobe\Adobe Media Encoder CC 2015\Plug-ins\Common\ImporterHDBarsAndTone.prm
The registry tells us to cache so the plugin will be loaded from the cache.
Loading from the registry...
The plugin has a PiPL.
The plugin was successfully loaded from the registry.

Loading C:\Program Files\Adobe\Adobe Media Encoder CC 2015\Plug-ins\Common\ImporterJPEG.prm
The registry tells us to cache so the plugin will be loaded from the cache.
Loading from the registry...
The plugin was successfully loaded from the registry.

Loading C:\Program Files\Adobe\Adobe Media Encoder CC 2015\Plug-ins\Common\ImporterLeader.prm
The registry tells us to cache so the plugin will be loaded from the cache.
Loading from the registry...
The plugin has a PiPL.
The plugin was successfully loaded from the registry.

Loading C:\Program Files\Adobe\Adobe Media Encoder CC 2015\Plug-ins\Common\ImporterLumetri.prm
The registry tells us to cache so the plugin will be loaded from the cache.
Loading from the registry...
The plugin was successfully loaded from the registry.

Loading C:\Program Files\Adobe\Adobe Media Encoder CC 2015\Plug-ins\Common\ImporterMP3.prm
The registry tells us to cache so the plugin will be loaded from the cache.
Loading from the registry...
The plugin was successfully loaded from the registry.

Loading C:\Program Files\Adobe\Adobe Media Encoder CC 2015\Plug-ins\Common\ImporterMPEG.prm
The registry tells us to cache so the plugin will be loaded from the cache.
Loading from the registry...
The plugin was successfully loaded from the registry.

Loading C:\Program Files\Adobe\Adobe Media Encoder CC 2015\Plug-ins\Common\ImporterMultiStill.prm
The registry tells us to cache so the plugin will be loaded from the cache.
Loading from the registry...
The plugin was successfully loaded from the registry.

Loading C:\Program Files\Adobe\Adobe Media Encoder CC 2015\Plug-ins\Common\ImporterMXF.prm
The registry tells us to cache so the plugin will be loaded from the cache.
Loading from the registry...
The plugin was successfully loaded from the registry.

Loading C:\Program Files\Adobe\Adobe Media Encoder CC 2015\Plug-ins\Common\ImporterPhotoshopProxy.prm
The registry tells us to cache so the plugin will be loaded from the cache.
Loading from the registry...
The plugin was successfully loaded from the registry.

Loading C:\Program Files\Adobe\Adobe Media Encoder CC 2015\Plug-ins\Common\ImporterPNG.prm
The registry tells us to cache so the plugin will be loaded from the cache.
Loading from the registry...
The plugin was successfully loaded from the registry.

Loading C:\Program Files\Adobe\Adobe Media Encoder CC 2015\Plug-ins\Common\ImporterRED.prm
The registry tells us to cache so the plugin will be loaded from the cache.
Loading from the registry...
The plugin was successfully loaded from the registry.

Loading C:\Program Files\Adobe\Adobe Media Encoder CC 2015\Plug-ins\Common\ImporterTarga.prm
The registry tells us to cache so the plugin will be loaded from the cache.
Loading from the registry...
The plugin was successfully loaded from the registry.

Loading C:\Program Files\Adobe\Adobe Media Encoder CC 2015\Plug-ins\Common\ImporterTiff.prm
The registry tells us to cache so the plugin will be loaded from the cache.
Loading from the registry...
The plugin was successfully loaded from the registry.

Loading C:\Program Files\Adobe\Adobe Media Encoder CC 2015\Plug-ins\Common\ImporterTransparentMatte.prm
The registry tells us to cache so the plugin will be loaded from the cache.
Loading from the registry...
The plugin has a PiPL.
The plugin was successfully loaded from the registry.

Loading C:\Program Files\Adobe\Adobe Media Encoder CC 2015\Plug-ins\Common\ImporterWave.prm
The registry tells us to cache so the plugin will be loaded from the cache.
Loading from the registry...
The plugin was successfully loaded from the registry.

Loading C:\Program Files\Adobe\Adobe Media Encoder CC 2015\Plug-ins\Common\ImporterWindowsMedia.prm
The registry tells us not to cache so the plugin will be loaded from disk.
Loading from disk...
This plugin was recognized by loader ba1058cd-0007-44e4-bf1a-0ef51307b979.

Loading C:\Program Files\Adobe\Adobe Media Encoder CC 2015\Plug-ins\Common\ImporterXDCAMEX.prm
The registry tells us not to cache so the plugin will be loaded from disk.
Loading from disk...
This plugin was recognized by loader ba1058cd-0007-44e4-bf1a-0ef51307b979.

Loading C:\Program Files\Adobe\Adobe Media Encoder CC 2015\Plug-ins\Common\OpenEXR.prm
The registry tells us not to cache so the plugin will be loaded from disk.
Loading from disk...
This plugin was recognized by loader ba1058cd-0007-44e4-bf1a-0ef51307b979.
This plugin was recognized by loader d3092dcf-904a-4a97-b4ca-66aed7540d57.

Loading C:\Program Files\Adobe\Adobe Media Encoder CC 2015\Plug-ins\Common\PlayerMediaCore.prm
The registry tells us not to cache so the plugin will be loaded from disk.
Loading from disk...
This plugin was recognized by loader 1b5bc335-92e5-4479-bd38-d18bedec69b2.
This plugin was recognized by loader c9936cb9-1979-48c8-bf22-dbe0ec323274.

Loading C:\Program Files\Adobe\Adobe Media Encoder CC 2015\Plug-ins\Common\Wraptor.prm
The registry tells us not to cache so the plugin will be loaded from disk.
Loading from disk...
This plugin was recognized by loader d3092dcf-904a-4a97-b4ca-66aed7540d57.

Loading C:\Program Files\Adobe\Adobe Media Encoder CC 2015\Plug-ins\Common\VST3\AnalogDelayCore.dll
The registry tells us to cache so the plugin will be loaded from the cache.
The plugin is marked as Ignore, so it will not be loaded.

Loading C:\Program Files\Adobe\Adobe Media Encoder CC 2015\Plug-ins\Common\VST3\ChorusFlangerCore.dll
The registry tells us to cache so the plugin will be loaded from the cache.
The plugin is marked as Ignore, so it will not be loaded.

Loading C:\Program Files\Adobe\Adobe Media Encoder CC 2015\Plug-ins\Common\VST3\ConvolutionReverbCore.dll
The registry tells us to cache so the plugin will be loaded from the cache.
The plugin is marked as Ignore, so it will not be loaded.

Loading C:\Program Files\Adobe\Adobe Media Encoder CC 2015\Plug-ins\Common\VST3\DeEsserCore.dll
The registry tells us to cache so the plugin will be loaded from the cache.
The plugin is marked as Ignore, so it will not be loaded.

Loading C:\Program Files\Adobe\Adobe Media Encoder CC 2015\Plug-ins\Common\VST3\DeHummerCore.dll
The registry tells us to cache so the plugin will be loaded from the cache.
The plugin is marked as Ignore, so it will not be loaded.

Loading C:\Program Files\Adobe\Adobe Media Encoder CC 2015\Plug-ins\Common\VST3\DistortionCore.dll
The registry tells us to cache so the plugin will be loaded from the cache.
The plugin is marked as Ignore, so it will not be loaded.

Loading C:\Program Files\Adobe\Adobe Media Encoder CC 2015\Plug-ins\Common\VST3\GuitarSuiteCore.dll
The registry tells us to cache so the plugin will be loaded from the cache.
The plugin is marked as Ignore, so it will not be loaded.

Loading C:\Program Files\Adobe\Adobe Media Encoder CC 2015\Plug-ins\Common\VST3\MultibandCompressorCore.dll
The registry tells us to cache so the plugin will be loaded from the cache.
The plugin is marked as Ignore, so it will not be loaded.

Loading C:\Program Files\Adobe\Adobe Media Encoder CC 2015\Plug-ins\Common\VST3\PhaserCore.dll
The registry tells us to cache so the plugin will be loaded from the cache.
The plugin is marked as Ignore, so it will not be loaded.

Loading C:\Program Files\Adobe\Adobe Media Encoder CC 2015\Plug-ins\Common\VST3\SimpleMasteringCore.dll
The registry tells us to cache so the plugin will be loaded from the cache.
The plugin is marked as Ignore, so it will not be loaded.

Loading C:\Program Files\Adobe\Adobe Media Encoder CC 2015\Plug-ins\Common\VST3\SinglebandCompressorCore.dll
The registry tells us to cache so the plugin will be loaded from the cache.
The plugin is marked as Ignore, so it will not be loaded.

Loading C:\Program Files\Adobe\Adobe Media Encoder CC 2015\Plug-ins\Common\VST3\SurroundReverbCore.dll
The registry tells us to cache so the plugin will be loaded from the cache.
The plugin is marked as Ignore, so it will not be loaded.

Loading C:\Program Files\Adobe\Adobe Media Encoder CC 2015\Plug-ins\Common\VST3\TubeModeledCompressorCore.dll
The registry tells us to cache so the plugin will be loaded from the cache.
The plugin is marked as Ignore, so it will not be loaded.

Loading C:\Program Files\Adobe\Adobe Media Encoder CC 2015\Plug-ins\Common\VST3\VocalEnhancerCore.dll
The registry tells us to cache so the plugin will be loaded from the cache.
The plugin is marked as Ignore, so it will not be loaded.

Loading C:\Program Files\Adobe\Adobe Media Encoder CC 2015\Plug-ins\Common\ExporterQuickTimeHost.prm
The registry tells us not to cache so the plugin will be loaded from disk.
Loading from disk...
This plugin was recognized by loader d3092dcf-904a-4a97-b4ca-66aed7540d57.

Loading C:\Program Files\Adobe\Adobe Media Encoder CC 2015\Plug-ins\Common\ImporterQuickTime.prm
The registry tells us not to cache so the plugin will be loaded from disk.
Loading from disk...
This plugin was recognized by loader ba1058cd-0007-44e4-bf1a-0ef51307b979.

